Compiling the C compiler identification source file "CMakeCCompilerId.c" failed.
Compiler: gcc 
Build flags: 
Id flags: 

The output was:
No such file or directory


Compiling the C compiler identification source file "CMakeCCompilerId.c" failed.
Compiler: gcc 
Build flags: 
Id flags: -c

The output was:
No such file or directory


Compiling the C compiler identification source file "CMakeCCompilerId.c" failed.
Compiler: gcc 
Build flags: 
Id flags: -Aa

The output was:
No such file or directory


Compiling the C compiler identification source file "CMakeCCompilerId.c" failed.
Compiler: gcc 
Build flags: 
Id flags: 

The output was:
No such file or directory


Compiling the C compiler identification source file "CMakeCCompilerId.c" failed.
Compiler: gcc 
Build flags: 
Id flags: -c

The output was:
No such file or directory


Compiling the C compiler identification source file "CMakeCCompilerId.c" failed.
Compiler: gcc 
Build flags: 
Id flags: -Aa

The output was:
No such file or directory


Compiling the CXX compiler identification source file "CMakeCXXCompilerId.cpp" failed.
Compiler: g++ 
Build flags: 
Id flags: 

The output was:
No such file or directory


Compiling the CXX compiler identification source file "CMakeCXXCompilerId.cpp" failed.
Compiler: g++ 
Build flags: 
Id flags: -c

The output was:
No such file or directory


Performing C++ SOURCE FILE Test _OPENTHREADS_ATOMIC_USE_MIPOSPRO_BUILTINS failed with the following output:
Change Dir: /Users/ccochran/Documents/dev/git-repositories/osg-fork/CMakeFiles/CMakeTmp

Run Build Command:/Applications/CMake\ 2.8-9.app/Contents/bin/cmakexbuild -project CMAKE_TRY_COMPILE.xcodeproj build -target cmTryCompileExec2505231936 -configuration Debug
=== BUILD NATIVE TARGET cmTryCompileExec2505231936 OF PROJECT CMAKE_TRY_COMPILE WITH CONFIGURATION Debug ===
Check dependencies

CompileC CMAKE_TRY_COMPILE.build/Debug/cmTryCompileExec2505231936.build/Objects-normal/x86_64/src.o src.cxx normal x86_64 c++ com.apple.compilers.llvm.clang.1_0.compiler
    cd /Users/ccochran/Documents/dev/git-repositories/osg-fork/CMakeFiles/CMakeTmp
    /Applications/Xcode.app/Contents/Developer/Toolchains/XcodeDefault.xctoolchain/usr/bin/clang -x c++ -arch x86_64 -fmessage-length=0 -Wno-trigraphs -fpascal-strings -O0 -Wno-missing-field-initializers -Wno-missing-prototypes -Wno-return-type -Wno-non-virtual-dtor -Wno-overloaded-virtual -Wno-exit-time-destructors -Wformat -Wno-missing-braces -Wparentheses -Wswitch -Wno-unused-function -Wno-unused-label -Wno-unused-parameter -Wno-unused-variable -Wunused-value -Wno-empty-body -Wno-uninitialized -Wno-unknown-pragmas -Wno-shadow -Wno-four-char-constants -Wno-conversion -Wno-shorten-64-to-32 -Wno-newline-eof -Wno-c++11-extensions "-DCM** BUILD FAILED **
AKE_INTDIR=\"Debug\"" -isysroot /Applications/Xcode.app/Contents/Developer/Platforms/MacOSX.platform/Developer/SDKs/MacOSX10.8.sdk -fasm-blocks -Wdeprecated-declarations -Winvalid-offsetof -mmacosx-version-min=10.8 -Wno-sign-conversion -I/Users/ccochran/Documents/dev/git-repositories/osg-fork/CMakeFiles/CMakeTmp/Debug/include -I/Applications/Xcode.app/Contents/Developer/Toolchains/XcodeDefault.xctoolchain/usr/include -I/Applications/Xcode.app/Contents/Developer/Toolchains/XcodeDefault.xctoolchain/usr/include -I/Applications/Xcode.app/Contents/Developer/Toolchains/XcodeDefault.xctoolchain/usr/include -I/Users/ccochran/Documents/dev/git-repositories/osg-fork/CMakeFiles/CMakeTmp/CMAKE_TRY_COMPILE.build/Debug/cmTryCompileExec2505231936.build/DerivedSources/x86_64 -I/Users/ccochran/Documents/dev/git-repositories/osg-fork/CMakeFiles/CMakeTmp/CMAKE_TRY_COMPILE.build/Debug/cmTryCompileExec2505231936.build/DerivedSources -Wmost -Wno-four-char-constants -Wno-unknown-pragmas -F/Users/ccochran/Documents/dev/git-repositor

The following build commands failed:
	CompileC CMAKE_TRY_COMPILE.build/Debug/cmTryCompileExec2505231936.build/Objects-normal/x86_64/src.o src.cxx normal x86_64 c++ com.apple.compilers.llvm.clang.1_0.compiler
(1 failure)
ies/osg-fork/CMakeFiles/CMakeTmp/Debug -D_OPENTHREADS_ATOMIC_USE_MIPOSPRO_BUILTINS -MMD -MT dependencies -MF /Users/ccochran/Documents/dev/git-repositories/osg-fork/CMakeFiles/CMakeTmp/CMAKE_TRY_COMPILE.build/Debug/cmTryCompileExec2505231936.build/Objects-normal/x86_64/src.d --serialize-diagnostics /Users/ccochran/Documents/dev/git-repositories/osg-fork/CMakeFiles/CMakeTmp/CMAKE_TRY_COMPILE.build/Debug/cmTryCompileExec2505231936.build/Objects-normal/x86_64/src.dia -c /Users/ccochran/Documents/dev/git-repositories/osg-fork/CMakeFiles/CMakeTmp/src.cxx -o /Users/ccochran/Documents/dev/git-repositories/osg-fork/CMakeFiles/CMakeTmp/CMAKE_TRY_COMPILE.build/Debug/cmTryCompileExec2505231936.build/Objects-normal/x86_64/src.o
/Users/ccochran/Documents/dev/git-repositories/osg-fork/CMakeFiles/CMakeTmp/src.cxx:8:8: error: use of undeclared identifier '__add_and_fetch'
       __add_and_fetch(&value, 1);
       ^
/Users/ccochran/Documents/dev/git-repositories/osg-fork/CMakeFiles/CMakeTmp/src.cxx:9:8: error: use of undeclared identifier '__synchronize'
       __synchronize(value);
       ^
/Users/ccochran/Documents/dev/git-repositories/osg-fork/CMakeFiles/CMakeTmp/src.cxx:10:8: error: use of undeclared identifier '__sub_and_fetch'
       __sub_and_fetch(&value, 1);
       ^
/Users/ccochran/Documents/dev/git-repositories/osg-fork/CMakeFiles/CMakeTmp/src.cxx:11:13: error: use of undeclared identifier '__compare_and_swap'
       if (!__compare_and_swap(&value, 0, 1))
            ^
/Users/ccochran/Documents/dev/git-repositories/osg-fork/CMakeFiles/CMakeTmp/src.cxx:14:13: error: use of undeclared identifier '__compare_and_swap'
       if (!__compare_and_swap((unsigned long*)&ptr, (unsigned long)ptr, (unsigned long)ptr))
            ^
5 errors generated.



Return value: 1
Source file was:

    #include <stdlib.h>

    int main(int, const char**)
    {
       unsigned value = 0;
       void* ptr = &value;
       __add_and_fetch(&value, 1);
       __synchronize(value);
       __sub_and_fetch(&value, 1);
       if (!__compare_and_swap(&value, 0, 1))
          return EXIT_FAILURE;

       if (!__compare_and_swap((unsigned long*)&ptr, (unsigned long)ptr, (unsigned long)ptr))
          return EXIT_FAILURE;

       return EXIT_SUCCESS;
    }
    
Performing C++ SOURCE FILE Test _OPENTHREADS_ATOMIC_USE_SUN failed with the following output:
Change Dir: /Users/ccochran/Documents/dev/git-repositories/osg-fork/CMakeFiles/CMakeTmp

Run Build Command:/Applications/CMake\ 2.8-9.app/Contents/bin/cmakexbuild -project CMAKE_TRY_COMPILE.xcodeproj build -target cmTryCompileExec1871518917 -configuration Debug
=== BUILD NATIVE TARGET cmTryCompileExec1871518917 OF PROJECT CMAKE_TRY_COMPILE WITH CONFIGURATION Debug ===
Check dependencies

CompileC CMAKE_TRY_COMPILE.build/Debug/cmTryCompileExec1871518917.build/Objects-normal/x86_64/src.o src.cxx normal x86_64 c++ com.apple.compilers.llvm.clang.1_0.compiler
    cd /Users/ccochran/Documents/dev/git-repositories/osg-fork/CMakeFiles/CMakeTmp
    /Applications/Xcode.app/Contents/Developer/Toolchains/XcodeDefault.xctoolchain/usr/bin/clang -x c++ -arch x86_64 -fmessage-length=0 -Wno-trigraphs -fpascal-strings -O0 -Wno-missing-field-initializers -Wno-missing-prototypes -Wno-return-type -Wno-non-virtual-dtor -Wno-overloaded-virtual -Wno-exit-time-destructors -Wformat -Wno-missing-braces -Wparentheses -Wswitch -Wno-unused-function -Wno-unused-label -Wno-unused-parameter -Wno-unused-variable -Wunused-value -Wno-empty-body -Wno-uninitialized -Wno-unknown-pragmas -Wno-shadow -Wno-four-char-constants -Wno-conversion -Wno-shorten-64-to-32 -Wno-newline-eof -Wno-c++11-extensions "-DCMAKE_INTDIR=\"Debug\"" -isysroot /Applications/Xcode.app/Contents/Developer/Platforms/MacOSX.platform/Developer/SDKs/MacOSX10.8.sdk -fasm-blocks -Wdeprecated-declarations -Winvalid-offsetof -mmacosx-version-min=10.8 -Wno-sign-conversion -I/Users/ccochran/Documents/dev/git-repositories/osg-fork/CMakeFiles/CMakeTmp/Debug/include -I/Applications/Xcode.app/Contents/Developer/Toolchains/XcodeDefault.xctoolchain/usr/include -I/Applications/Xcode.app/Contents/Developer/Toolchains/XcodeDefault.xctoolchain/usr/include -I/Applications/Xcode.app/Contents/Developer/Toolchains/XcodeDefault.xctoolchain/usr/include -I/Users/ccochran/Documents/dev/git-repositories/osg-fork/CMakeFiles/CMakeTmp/CMAKE_TRY_COMPILE.build/Debug/cmTryCompileExec1871518917.build/DerivedSources/x86_64 -I/Users/ccochran/Documents/dev/git-repositories/osg-fork/CMakeFiles/CMakeTmp/CMAKE_TRY_COMPILE.build/Debug/cmTryCompileExec1871518917.build/DerivedSources -Wmost -Wno-four-char-constants -Wno-unknown-pragmas -F/Users/ccochran/Documents/dev/git-repositor** BUILD FAILED **ies/osg-fork/CMakeFiles/CMakeTmp/Debug -D_OPENTHREADS_ATOMIC_USE_SUN -MMD -MT dependencies -MF /Users/ccochran/Documents/dev/git-repositories/osg-fork/CMakeFiles/CMakeTmp/CMAKE_TRY_COMPILE.build/Debug/cmTryCompileExec1871518917.build/Objects-normal/x86_64/src.d --serialize-diagnostics /Users/ccochran/Documents/dev/git-repositories/osg-fork/CMakeFiles/CMakeTmp/CMAKE_TRY_COMPILE.build/Debug/cmTryCompileExec1871518917.build/Objects-normal/x86_64/src.dia -c /Users/ccochran/Documents/dev/git-repositories/osg-fork/CMakeFiles/CMakeTmp/src.cxx -o /Users/ccochran/Documents/dev/git-repositories/osg-fork/CMakeFiles/CMakeTmp/CMAKE_TRY_COMPILE.build/Debug/cmTryCompileExec1871518917.build/Objects-normal/x86_64/src.o
/Users/ccochran/Documents/dev/git-repositories/osg-fork/CMakeFiles/CMakeTmp/src.cxx:2:14: fatal error: 'atomic.h' file not found
    #include <atomic.h>
             ^
1 error generated.





The following build commands failed:
	CompileC CMAKE_TRY_COMPILE.build/Debug/cmTryCompileExec1871518917.build/Objects-normal/x86_64/src.o src.cxx normal x86_64 c++ com.apple.compilers.llvm.clang.1_0.compiler
(1 failure)

Return value: 1
Source file was:

    #include <atomic.h>
    #include <cstdlib>

    int main(int, const char**)
    {
       uint_t value = 0;
       void* ptr = &value;
       atomic_inc_uint_nv(&value);
       membar_consumer();
       atomic_dec_uint_nv(&value);
       if (0 != atomic_cas_uint(&value, 0, 1))
          return EXIT_FAILURE;

       if (ptr != atomic_cas_ptr(&ptr, ptr, ptr))
          return EXIT_FAILURE;

       return EXIT_SUCCESS;
    }
    
Performing C++ SOURCE FILE Test _OPENTHREADS_ATOMIC_USE_WIN32_INTERLOCKED failed with the following output:
Change Dir: /Users/ccochran/Documents/dev/git-repositories/osg-fork/CMakeFiles/CMakeTmp

Run Build Command:/Applications/CMake\ 2.8-9.app/Contents/bin/cmakexbuild -project CMAKE_TRY_COMPILE.xcodeproj build -target cmTryCompileExec410656117 -configuration Debug
=== BUILD NATIVE TARGET cmTryCompileExec410656117 OF PROJECT CMAKE_TRY_COMPILE WITH CONFIGURATION Debug ===
Check dependencies

CompileC CMAKE_TRY_COMPILE.build/Debug/cmTryCompileExec410656117.build/Objects-normal/x86_64/src.o src.cxx normal x86_64 c++ com.apple.compilers.llvm.clang.1_0.compiler
    cd /Users/ccochran/Documents/dev/git-repositories/osg-fork/CMakeFiles/CMakeTmp
    /Applications/Xcode.app/Contents/Developer/Toolchains/XcodeDefault.xctoolchain/usr/bin/clang -x c++ -arch x86_64 -fmessage-length=0 -Wno-trigraphs -fpascal-strings -O0 -Wno-missing-field-initializers -Wno-missing-prototypes -Wno-return-type -Wno-non-virtual-dtor -Wno-overloaded-virtual -Wno-exit-time-destructors -Wformat -Wno-missing-braces -Wparentheses -Wswitch -Wno-unused-function -Wno-unused-label -Wno-unused-parameter -Wno-unused-variable -Wunused-value -Wno-empty-body -Wno-uninitialized -Wno-unknown-pragmas -Wno-shadow -Wno-four-char-constants -Wno-conversion -Wno-shorten-64-to-32 -Wno-newline-eof -Wno-c++11-extensions "-DCMAK** BUILD FAILED **E_INTDIR=\"Debug\"" -isysroot /Applications/Xcode.app/Contents/Developer/Platforms/MacOSX.platform/Developer/SDKs/MacOSX10.8.sdk -fasm-blocks -Wdeprecated-declarations -Winvalid-offsetof -mmacosx-version-min=10.8 -Wno-sign-conversion -I/Users/ccochran/Documents/dev/git-repositories/osg-fork/CMakeFiles/CMakeTmp/Debug/include -I/Applications/Xcode.app/Contents/Developer/Toolchains/XcodeDefault.xctoolchain/usr/include -I/Applications/Xcode.app/Contents/Developer/Toolchains/XcodeDefault.xctoolchain/usr/include -I/Applications/Xcode.app/Contents/Developer/Toolchains/XcodeDefault.xctoolchain/usr/include -I/Users/ccochran/Documents/dev/git-repositories/osg-fork/CMakeFiles/CMakeTmp/CMAKE_TRY_COMPILE.build/Debug/cmTryCompileExec410656117.build/DerivedSources/x86_64 -I/Users/ccochran/Documents/dev/git-repositories/osg-fork/CMakeFiles/CMakeTmp/CMAKE_TRY_COMPILE.build/Debug/cmTryCompileExec410656117.build/DerivedSources -Wmost -Wno-four-char-constants -Wno-unknown-pragmas -F/Users/ccochran/Documents/dev/git-repositories/


The following build commands failed:
	CompileC CMAKE_TRY_COMPILE.build/Debug/cmTryCompileExec410656117.build/Objects-normal/x86_64/src.o src.cxx normal x86_64 c++ com.apple.compilers.llvm.clang.1_0.compiler
osg-fork/CMakeFiles/CMakeTmp/Debug -D_OPENTHREADS_ATOMIC_USE_WIN32_INTERLOCKED -MMD -MT dependencies -MF /Users/ccochran/Documents/dev/git-repositories/osg-fork/CMakeFiles/CMakeTmp/CMAKE_TRY_COMPILE.build/Debug/cmTryCompileExec410656117.build/Objects-normal/x86_64/src.d --serialize-diagnostics /Users/ccochran/Documents/dev/git-repositories/osg-fork/CMakeFiles/CMakeTmp/CMAKE_TRY_COMPILE.build/Debug/cmTryCompileExec410656117.build/Objects-normal/x86_64/src.dia -c /Users/ccochran/Documents/dev/git-repositories/osg-fork/CMakeFiles/CMakeTmp/src.cxx -o /Users/ccochran/Documents/dev/git-repositories/osg-fork/CMakeFiles/CMakeTmp/CMAKE_TRY_COMPILE.build/Debug/cmTryCompileExec410656117.build/Objects-normal/x86_64/src.o
/Users/ccochran/Documents/dev/git-repositories/osg-fork/CMakeFiles/CMakeTmp/src.cxx:2:14: fatal error: 'windows.h' file not found
    #include <windows.h>
             ^
1 error generated.


(1 failure)

Return value: 1
Source file was:

    #include <windows.h>
    #include <intrin.h>
    #include <cstdlib>

    #pragma intrinsic(_InterlockedAnd)
    #pragma intrinsic(_InterlockedOr)
    #pragma intrinsic(_InterlockedXor)

    int main(int, const char**)
    {
       volatile long value = 0;
       long data = 0;
       long* volatile ptr = &data;

       InterlockedIncrement(&value);
       MemoryBarrier();
       InterlockedDecrement(&value);

       if (0 != InterlockedCompareExchange(&value, 1, 0))
          return EXIT_FAILURE;

       if (ptr != InterlockedCompareExchangePointer((PVOID volatile*)&ptr, (PVOID)ptr, (PVOID)ptr))
          return EXIT_FAILURE;

       return EXIT_SUCCESS;
    }
    
Determining if the function pthread_yield exists failed with the following output:
Change Dir: /Users/ccochran/Documents/dev/git-repositories/osg-fork/CMakeFiles/CMakeTmp

Run Build Command:/Applications/CMake\ 2.8-9.app/Contents/bin/cmakexbuild -project CMAKE_TRY_COMPILE.xcodeproj build -target cmTryCompileExec372309358 -configuration Debug
=== BUILD NATIVE TARGET cmTryCompileExec372309358 OF PROJECT CMAKE_TRY_COMPILE WITH CONFIGURATION Debug ===
Check dependencies

CompileC CMAKE_TRY_COMPILE.build/Debug/cmTryCompileExec372309358.build/Objects-normal/x86_64/CheckFunctionExists.o "../../../../../../../../Applications/CMake 2.8-9.app/Contents/share/cmake-2.8/Modules/CheckFunctionExists.c" normal x86_64 c com.apple.compilers.llvm.clang.1_0.compiler
    cd /Users/ccochran/Documents/dev/git-repositories/osg-fork/CMakeFiles/CMakeTmp
    /Applications/Xcode.app/Contents/Developer/Toolchains/XcodeDefault.xctoolchain/usr/bin/clang -x c -arch x86_64 -fmessage-length=0 -Wno-trigraphs -fpascal-strings -O0 -Wno-missing-field-initializers -Wno-missing-prototypes -Wno-return-type -Wformat -Wno-missing-braces -Wparentheses -Wswitch -Wno-unused-function -Wno-unused-label -Wno-unused-parameter -Wno-unused-variable -Wunused-value -Wno-empty-body -Wno-uninitialized -Wno-unknown-pragmas -Wno-shadow -Wno-four-char-constants -Wno-conversion -Wno-shorten-64-to-32 -Wpoi** BUILD FAILED **


The following build commands failed:
	Ld Debug/cmTryCompileExec372309358 normal x86_64
(1 failure)
nter-sign -Wno-newline-eof "-DCMAKE_INTDIR=\"Debug\"" -isysroot /Applications/Xcode.app/Contents/Developer/Platforms/MacOSX.platform/Developer/SDKs/MacOSX10.8.sdk -fasm-blocks -Wdeprecated-declarations -mmacosx-version-min=10.8 -Wno-sign-conversion -I/Users/ccochran/Documents/dev/git-repositories/osg-fork/CMakeFiles/CMakeTmp/Debug/include -I/Applications/Xcode.app/Contents/Developer/Toolchains/XcodeDefault.xctoolchain/usr/include -I/Applications/Xcode.app/Contents/Developer/Toolchains/XcodeDefault.xctoolchain/usr/include -I/Applications/Xcode.app/Contents/Developer/Toolchains/XcodeDefault.xctoolchain/usr/include -I/Users/ccochran/Documents/dev/git-repositories/osg-fork/CMakeFiles/CMakeTmp/CMAKE_TRY_COMPILE.build/Debug/cmTryCompileExec372309358.build/DerivedSources/x86_64 -I/Users/ccochran/Documents/dev/git-repositories/osg-fork/CMakeFiles/CMakeTmp/CMAKE_TRY_COMPILE.build/Debug/cmTryCompileExec372309358.build/DerivedSources -Wmost -Wno-four-char-constants -Wno-unknown-pragmas -F/Users/ccochran/Documents/dev/git-repositories/osg-fork/CMakeFiles/CMakeTmp/Debug -DCHECK_FUNCTION_EXISTS=pthread_yield -MMD -MT dependencies -MF /Users/ccochran/Documents/dev/git-repositories/osg-fork/CMakeFiles/CMakeTmp/CMAKE_TRY_COMPILE.build/Debug/cmTryCompileExec372309358.build/Objects-normal/x86_64/CheckFunctionExists.d --serialize-diagnostics /Users/ccochran/Documents/dev/git-repositories/osg-fork/CMakeFiles/CMakeTmp/CMAKE_TRY_COMPILE.build/Debug/cmTryCompileExec372309358.build/Objects-normal/x86_64/CheckFunctionExists.dia -c "/Users/ccochran/Documents/dev/git-repositories/osg-fork/CMakeFiles/CMakeTmp/../../../../../../../../Applications/CMake 2.8-9.app/Contents/share/cmake-2.8/Modules/CheckFunctionExists.c" -o /Users/ccochran/Documents/dev/git-repositories/osg-fork/CMakeFiles/CMakeTmp/CMAKE_TRY_COMPILE.build/Debug/cmTryCompileExec372309358.build/Objects-normal/x86_64/CheckFunctionExists.o

Ld Debug/cmTryCompileExec372309358 normal x86_64
    cd /Users/ccochran/Documents/dev/git-repositories/osg-fork/CMakeFiles/CMakeTmp
    /Applications/Xcode.app/Contents/Developer/Toolchains/XcodeDefault.xctoolchain/usr/bin/clang -arch x86_64 -isysroot /Applications/Xcode.app/Contents/Developer/Platforms/MacOSX.platform/Developer/SDKs/MacOSX10.8.sdk -L/Users/ccochran/Documents/dev/git-repositories/osg-fork/CMakeFiles/CMakeTmp/Debug -F/Users/ccochran/Documents/dev/git-repositories/osg-fork/CMakeFiles/CMakeTmp/Debug -filelist /Users/ccochran/Documents/dev/git-repositories/osg-fork/CMakeFiles/CMakeTmp/CMAKE_TRY_COMPILE.build/Debug/cmTryCompileExec372309358.build/Objects-normal/x86_64/cmTryCompileExec372309358.LinkFileList -mmacosx-version-min=10.8 -Wl,-search_paths_first -Wl,-headerpad_max_install_names -o /Users/ccochran/Documents/dev/git-repositories/osg-fork/CMakeFiles/CMakeTmp/Debug/cmTryCompileExec372309358
Undefined symbols for architecture x86_64:
  "_pthread_yield", referenced from:
      _main in CheckFunctionExists.o
ld: symbol(s) not found for architecture x86_64
clang: error: linker command failed with exit code 1 (use -v to see invocation)




Determining if the function pthread_setaffinity_np exists failed with the following output:
Change Dir: /Users/ccochran/Documents/dev/git-repositories/osg-fork/CMakeFiles/CMakeTmp

Run Build Command:/Applications/CMake\ 2.8-9.app/Contents/bin/cmakexbuild -project CMAKE_TRY_COMPILE.xcodeproj build -target cmTryCompileExec2577269527 -configuration Debug
=== BUILD NATIVE TARGET cmTryCompileExec2577269527 OF PROJECT CMAKE_TRY_COMPILE WITH CONFIGURATION Debug ===
Check dependencies

CompileC CMAKE_TRY_COMPILE.build/Debug/cmTryCompileExec2577269527.build/Objects-normal/x86_64/CheckFunctionExists.o "../../../../../../../../Applications/CMake 2.8-9.app/Contents/share/cmake-2.8/Modules/CheckFunctionExists.c" normal x86_64 c com.apple.compilers.llvm.clang.1_0.compiler
    cd /Users/ccochran/Documents/dev/git-repositories/osg-fork/CMakeFiles/CMakeTmp
    /Applications/Xcode.app/Contents/Developer/Toolchains/XcodeDefault.xctoolchain/usr/bin/clang -x c -arch x86_64 -fmessage-length=0 -Wno-trigraphs -fpascal-strings -O0 -Wno-missing-field-initializers -Wno-missing-prototypes -Wno-return-type -Wformat -Wno-missing-braces -Wparentheses -Wswitch -Wno-unused-function -Wno-unused-label -Wno-unused-parameter -Wno-unused-variable -Wunused-value -Wno-empty-body -Wno-uninitialized -Wno-unknown-pragmas -Wno-shadow -Wno-four-char-constants -Wno-conversion -Wno-shorten-64-to-32 -Wp** BUILD FAILED **


The following build commands failed:
	Ld Debug/cmTryCompileExec2577269527 normal x86_64
(1 failure)
ointer-sign -Wno-newline-eof "-DCMAKE_INTDIR=\"Debug\"" -isysroot /Applications/Xcode.app/Contents/Developer/Platforms/MacOSX.platform/Developer/SDKs/MacOSX10.8.sdk -fasm-blocks -Wdeprecated-declarations -mmacosx-version-min=10.8 -Wno-sign-conversion -I/Users/ccochran/Documents/dev/git-repositories/osg-fork/CMakeFiles/CMakeTmp/Debug/include -I/Applications/Xcode.app/Contents/Developer/Toolchains/XcodeDefault.xctoolchain/usr/include -I/Applications/Xcode.app/Contents/Developer/Toolchains/XcodeDefault.xctoolchain/usr/include -I/Applications/Xcode.app/Contents/Developer/Toolchains/XcodeDefault.xctoolchain/usr/include -I/Users/ccochran/Documents/dev/git-repositories/osg-fork/CMakeFiles/CMakeTmp/CMAKE_TRY_COMPILE.build/Debug/cmTryCompileExec2577269527.build/DerivedSources/x86_64 -I/Users/ccochran/Documents/dev/git-repositories/osg-fork/CMakeFiles/CMakeTmp/CMAKE_TRY_COMPILE.build/Debug/cmTryCompileExec2577269527.build/DerivedSources -Wmost -Wno-four-char-constants -Wno-unknown-pragmas -F/Users/ccochran/Documents/dev/git-repositories/osg-fork/CMakeFiles/CMakeTmp/Debug -DCHECK_FUNCTION_EXISTS=pthread_setaffinity_np -MMD -MT dependencies -MF /Users/ccochran/Documents/dev/git-repositories/osg-fork/CMakeFiles/CMakeTmp/CMAKE_TRY_COMPILE.build/Debug/cmTryCompileExec2577269527.build/Objects-normal/x86_64/CheckFunctionExists.d --serialize-diagnostics /Users/ccochran/Documents/dev/git-repositories/osg-fork/CMakeFiles/CMakeTmp/CMAKE_TRY_COMPILE.build/Debug/cmTryCompileExec2577269527.build/Objects-normal/x86_64/CheckFunctionExists.dia -c "/Users/ccochran/Documents/dev/git-repositories/osg-fork/CMakeFiles/CMakeTmp/../../../../../../../../Applications/CMake 2.8-9.app/Contents/share/cmake-2.8/Modules/CheckFunctionExists.c" -o /Users/ccochran/Documents/dev/git-repositories/osg-fork/CMakeFiles/CMakeTmp/CMAKE_TRY_COMPILE.build/Debug/cmTryCompileExec2577269527.build/Objects-normal/x86_64/CheckFunctionExists.o

Ld Debug/cmTryCompileExec2577269527 normal x86_64
    cd /Users/ccochran/Documents/dev/git-repositories/osg-fork/CMakeFiles/CMakeTmp
    /Applications/Xcode.app/Contents/Developer/Toolchains/XcodeDefault.xctoolchain/usr/bin/clang -arch x86_64 -isysroot /Applications/Xcode.app/Contents/Developer/Platforms/MacOSX.platform/Developer/SDKs/MacOSX10.8.sdk -L/Users/ccochran/Documents/dev/git-repositories/osg-fork/CMakeFiles/CMakeTmp/Debug -F/Users/ccochran/Documents/dev/git-repositories/osg-fork/CMakeFiles/CMakeTmp/Debug -filelist /Users/ccochran/Documents/dev/git-repositories/osg-fork/CMakeFiles/CMakeTmp/CMAKE_TRY_COMPILE.build/Debug/cmTryCompileExec2577269527.build/Objects-normal/x86_64/cmTryCompileExec2577269527.LinkFileList -mmacosx-version-min=10.8 -Wl,-search_paths_first -Wl,-headerpad_max_install_names -o /Users/ccochran/Documents/dev/git-repositories/osg-fork/CMakeFiles/CMakeTmp/Debug/cmTryCompileExec2577269527
Undefined symbols for architecture x86_64:
  "_pthread_setaffinity_np", referenced from:
      _main in CheckFunctionExists.o
ld: symbol(s) not found for architecture x86_64
clang: error: linker command failed with exit code 1 (use -v to see invocation)




Performing C++ SOURCE FILE Test HAVE_THREE_PARAM_SCHED_SETAFFINITY failed with the following output:
Change Dir: /Users/ccochran/Documents/dev/git-repositories/osg-fork/CMakeFiles/CMakeTmp

Run Build Command:/Applications/CMake\ 2.8-9.app/Contents/bin/cmakexbuild -project CMAKE_TRY_COMPILE.xcodeproj build -target cmTryCompileExec339095479 -configuration Debug
=== BUILD NATIVE TARGET cmTryCompileExec339095479 OF PROJECT CMAKE_TRY_COMPILE WITH CONFIGURATION Debug ===
Check dependencies

CompileC CMAKE_TRY_COMPILE.build/Debug/cmTryCompileExec339095479.build/Objects-normal/x86_64/src.o src.cxx normal x86_64 c++ com.apple.compilers.llvm.clang.1_0.compiler
    cd /Users/ccochran/Documents/dev/git-repositories/osg-fork/CMakeFiles/CMakeTmp
    /Applications/Xcode.app/Contents/Developer/Toolchains/XcodeDefault.xctoolchain/usr/bin/clang -x c++ -arch x86_64 -fmessage-length=0 -Wno-trigraphs -fpascal-strings -O0 -Wno-missing-field-initializers -Wno-missing-prototypes -Wno-return-type -Wno-non-virtual-dtor -Wno-overloaded-virtual -Wno-exit-time-destructors -Wformat -Wno-missing-braces -Wparentheses -Wswitch -Wno-unused-function -Wno-unused-label -Wno-unused-parameter -Wno-unused-variable -Wunused-value -Wno-empty-body -Wno-uninitialized -Wno-unknown-pragmas -Wno-shadow -Wno-four-char-constants -Wno-conversion -Wno-shorten-64-to-32 -Wno-newline-eof -Wno-c++11-extensions "-DCMAK** BUILD FAILED **


The following build commands failed:
E_INTDIR=\"Debug\"" -isysroot /Applications/Xcode.app/Contents/Developer/Platforms/MacOSX.platform/Developer/SDKs/MacOSX10.8.sdk -fasm-blocks -Wdeprecated-declarations -Winvalid-offsetof -mmacosx-version-min=10.8 -Wno-sign-conversion -I/Users/ccochran/Documents/dev/git-repositories/osg-fork/CMakeFiles/CMakeTmp/Debug/include -I/Applications/Xcode.app/Contents/Developer/Toolchains/XcodeDefault.xctoolchain/usr/include -I/Applications/Xcode.app/Contents/Developer/Toolchains/XcodeDefault.xctoolchain/usr/include -I/Applications/Xcode.app/Contents/Developer/Toolchains/XcodeDefault.xctoolchain/usr/include -I/Users/ccochran/Documents/dev/git-repositories/osg-fork/CMakeFiles/CMakeTmp/CMAKE_TRY_COMPILE.build/Debug/cmTryCompileExec339095479.build/DerivedSources/x86_64 -I/Users/ccochran/Documents/dev/git-repositories/osg-fork/CMakeFiles/CMakeTmp/CMAKE_TRY_COMPILE.build/Debug/cmTryCompileExec339095479.build/DerivedSources -Wmost -Wno-four-char-constants -Wno-unknown-pragmas -F/Users/ccochran/Documents/dev/git-repositories/	CompileC CMAKE_TRY_COMPILE.build/Debug/cmTryCompileExec339095479.build/Objects-normal/x86_64/src.o src.cxx normal x86_64 c++ com.apple.compilers.llvm.clang.1_0.compiler
(1 failure)
osg-fork/CMakeFiles/CMakeTmp/Debug -DHAVE_THREE_PARAM_SCHED_SETAFFINITY -MMD -MT dependencies -MF /Users/ccochran/Documents/dev/git-repositories/osg-fork/CMakeFiles/CMakeTmp/CMAKE_TRY_COMPILE.build/Debug/cmTryCompileExec339095479.build/Objects-normal/x86_64/src.d --serialize-diagnostics /Users/ccochran/Documents/dev/git-repositories/osg-fork/CMakeFiles/CMakeTmp/CMAKE_TRY_COMPILE.build/Debug/cmTryCompileExec339095479.build/Objects-normal/x86_64/src.dia -c /Users/ccochran/Documents/dev/git-repositories/osg-fork/CMakeFiles/CMakeTmp/src.cxx -o /Users/ccochran/Documents/dev/git-repositories/osg-fork/CMakeFiles/CMakeTmp/CMAKE_TRY_COMPILE.build/Debug/cmTryCompileExec339095479.build/Objects-normal/x86_64/src.o
/Users/ccochran/Documents/dev/git-repositories/osg-fork/CMakeFiles/CMakeTmp/src.cxx:4:13: error: use of undeclared identifier 'cpu_set_t'
            cpu_set_t cpumask;
            ^
/Users/ccochran/Documents/dev/git-repositories/osg-fork/CMakeFiles/CMakeTmp/src.cxx:5:42: error: use of undeclared identifier 'cpumask'
            sched_setaffinity( 0, sizeof(cpumask), &cpumask );
                                         ^
2 errors generated.



Source file was:

            #include <sched.h>
            int main() {
            cpu_set_t cpumask;
            sched_setaffinity( 0, sizeof(cpumask), &cpumask );
            return 0;
            }
Performing C++ SOURCE FILE Test HAVE_TWO_PARAM_SCHED_SETAFFINITY failed with the following output:
Change Dir: /Users/ccochran/Documents/dev/git-repositories/osg-fork/CMakeFiles/CMakeTmp

Run Build Command:/Applications/CMake\ 2.8-9.app/Contents/bin/cmakexbuild -project CMAKE_TRY_COMPILE.xcodeproj build -target cmTryCompileExec230246753 -configuration Debug
=== BUILD NATIVE TARGET cmTryCompileExec230246753 OF PROJECT CMAKE_TRY_COMPILE WITH CONFIGURATION Debug ===
Check dependencies

CompileC CMAKE_TRY_COMPILE.build/Debug/cmTryCompileExec230246753.build/Objects-normal/x86_64/src.o src.cxx normal x86_64 c++ com.apple.compilers.llvm.clang.1_0.compiler
    cd /Users/ccochran/Documents/dev/git-repositories/osg-fork/CMakeFiles/CMakeTmp
    /Applications/Xcode.app/Contents/Developer/Toolchains/XcodeDefault.xctoolchain/usr/bin/clang -x c++ -arch x86_64 -fmessage-length=0 -Wno-trigraphs -fpascal-strings -O0 -Wno-missing-field-initializers -Wno-missing-prototypes -Wno-return-type -Wno-non-virtual-dtor -Wno-overloaded-virtual -Wno-exit-time-destructors -Wformat -Wno-missing-braces -Wparentheses -Wswitch -Wno-unused-function -Wno-unused-label -Wno-unused-parameter -Wno-unused-variable -Wunused-value -Wno-empty-body -Wno-uninitialized -Wno-unknown-pragmas -Wno-shadow -Wno-four-char-constants -Wno-conversion -Wno-shorten-64-to-32 -Wno-newline-eof -Wno-c++11-extensions "-DCMAK** BUILD FAILED **


The following build commands failed:
	CompileC CMAKE_TRY_COMPILE.build/Debug/cmTryCompileExec230246753.build/Objects-normal/x86_64/src.o src.cxx normal x86_64 c++ com.apple.compilers.llvm.clang.1_0.compiler
(1 failure)
E_INTDIR=\"Debug\"" -isysroot /Applications/Xcode.app/Contents/Developer/Platforms/MacOSX.platform/Developer/SDKs/MacOSX10.8.sdk -fasm-blocks -Wdeprecated-declarations -Winvalid-offsetof -mmacosx-version-min=10.8 -Wno-sign-conversion -I/Users/ccochran/Documents/dev/git-repositories/osg-fork/CMakeFiles/CMakeTmp/Debug/include -I/Applications/Xcode.app/Contents/Developer/Toolchains/XcodeDefault.xctoolchain/usr/include -I/Applications/Xcode.app/Contents/Developer/Toolchains/XcodeDefault.xctoolchain/usr/include -I/Applications/Xcode.app/Contents/Developer/Toolchains/XcodeDefault.xctoolchain/usr/include -I/Users/ccochran/Documents/dev/git-repositories/osg-fork/CMakeFiles/CMakeTmp/CMAKE_TRY_COMPILE.build/Debug/cmTryCompileExec230246753.build/DerivedSources/x86_64 -I/Users/ccochran/Documents/dev/git-repositories/osg-fork/CMakeFiles/CMakeTmp/CMAKE_TRY_COMPILE.build/Debug/cmTryCompileExec230246753.build/DerivedSources -Wmost -Wno-four-char-constants -Wno-unknown-pragmas -F/Users/ccochran/Documents/dev/git-repositories/osg-fork/CMakeFiles/CMakeTmp/Debug -DHAVE_TWO_PARAM_SCHED_SETAFFINITY -MMD -MT dependencies -MF /Users/ccochran/Documents/dev/git-repositories/osg-fork/CMakeFiles/CMakeTmp/CMAKE_TRY_COMPILE.build/Debug/cmTryCompileExec230246753.build/Objects-normal/x86_64/src.d --serialize-diagnostics /Users/ccochran/Documents/dev/git-repositories/osg-fork/CMakeFiles/CMakeTmp/CMAKE_TRY_COMPILE.build/Debug/cmTryCompileExec230246753.build/Objects-normal/x86_64/src.dia -c /Users/ccochran/Documents/dev/git-repositories/osg-fork/CMakeFiles/CMakeTmp/src.cxx -o /Users/ccochran/Documents/dev/git-repositories/osg-fork/CMakeFiles/CMakeTmp/CMAKE_TRY_COMPILE.build/Debug/cmTryCompileExec230246753.build/Objects-normal/x86_64/src.o
/Users/ccochran/Documents/dev/git-repositories/osg-fork/CMakeFiles/CMakeTmp/src.cxx:4:19: error: use of undeclared identifier 'cpu_set_t'
                  cpu_set_t cpumask;
                  ^
/Users/ccochran/Documents/dev/git-repositories/osg-fork/CMakeFiles/CMakeTmp/src.cxx:5:42: error: use of undeclared identifier 'cpumask'
                  sched_setaffinity( 0, &cpumask );
                                         ^
2 errors generated.



Source file was:

                #include <sched.h>
                int main() {
                  cpu_set_t cpumask;
                  sched_setaffinity( 0, &cpumask );
                  return 0;
                }
Determining if the function gethostbyname exists in the nsl failed with the following output:
Change Dir: /Users/ccochran/Documents/dev/git-repositories/osg-fork/CMakeFiles/CMakeTmp

Run Build Command:/Applications/CMake\ 2.8-9.app/Contents/bin/cmakexbuild -project CMAKE_TRY_COMPILE.xcodeproj build -target cmTryCompileExec3396797471 -configuration Debug
=== BUILD NATIVE TARGET cmTryCompileExec3396797471 OF PROJECT CMAKE_TRY_COMPILE WITH CONFIGURATION Debug ===
Check dependencies

CompileC CMAKE_TRY_COMPILE.build/Debug/cmTryCompileExec3396797471.build/Objects-normal/x86_64/CheckFunctionExists.o "../../../../../../../../Applications/CMake 2.8-9.app/Contents/share/cmake-2.8/Modules/CheckFunctionExists.c" normal x86_64 c com.apple.compilers.llvm.clang.1_0.compiler
    cd /Users/ccochran/Documents/dev/git-repositories/osg-fork/CMakeFiles/CMakeTmp
    /Applications/Xcode.app/Contents/Developer/Toolchains/XcodeDefault.xctoolchain/usr/bin/clang -x c -arch x86_64 -fmessage-length=0 -Wno-trigraphs -fpascal-strings -O0 -Wno-missing-field-initializers -Wno-missing-prototypes -Wno-return-type -Wformat -Wno-missing-braces -Wparentheses -Wswitch -Wno-unused-function -Wno-unused-label -Wno-unused-parameter -Wno-unused-variable -Wunused-value -Wno-empty-body -Wno-uninitialized -Wno-unknown-pragmas -Wno-shadow -Wno-four-char-constants -Wno-conversion -Wno-shorten-64-to-32 -Wp** BUILD FAILED **


The following build commands failed:
ointer-sign -Wno-newline-eof "-DCMAKE_INTDIR=\"Debug\"" -isysroot /Applications/Xcode.app/Contents/Developer/Platforms/MacOSX.platform/Developer/SDKs/MacOSX10.8.sdk -fasm-blocks -Wdeprecated-declarations -mmacosx-version-min=10.8 -Wno-sign-conversion -I/Users/ccochran/Documents/dev/git-repositories/osg-fork/CMakeFiles/CMakeTmp/Debug/include -I/Applications/Xcode.app/Contents/Developer/Toolchains/XcodeDefault.xctoolchain/usr/include -I/Applications/Xcode.app/Contents/Developer/Toolchains/XcodeDefault.xctoolchain/usr/include -I/Applications/Xcode.app/Contents/Developer/Toolchains/XcodeDefault.xctoolchain/usr/include -I/Users/ccochran/Documents/dev/git-repositories/osg-fork/CMakeFiles/CMakeTmp/CMAKE_TRY_COMPILE.build/Debug/cmTryCompileExec3396797471.build/DerivedSources/x86_64 -I/Users/ccochran/Documents/dev/git-repositories/osg-fork/CMakeFiles/CMakeTmp/CMAKE_TRY_COMPILE.build/Debug/cmTryCompileExec3396797471.build/DerivedSources -Wmost -Wno-four-char-constants -Wno-unknown-pragmas -F/Users/ccochran/Documents/de	Ld Debug/cmTryCompileExec3396797471 normal x86_64
(1 failure)
v/git-repositories/osg-fork/CMakeFiles/CMakeTmp/Debug -DCHECK_FUNCTION_EXISTS=gethostbyname -MMD -MT dependencies -MF /Users/ccochran/Documents/dev/git-repositories/osg-fork/CMakeFiles/CMakeTmp/CMAKE_TRY_COMPILE.build/Debug/cmTryCompileExec3396797471.build/Objects-normal/x86_64/CheckFunctionExists.d --serialize-diagnostics /Users/ccochran/Documents/dev/git-repositories/osg-fork/CMakeFiles/CMakeTmp/CMAKE_TRY_COMPILE.build/Debug/cmTryCompileExec3396797471.build/Objects-normal/x86_64/CheckFunctionExists.dia -c "/Users/ccochran/Documents/dev/git-repositories/osg-fork/CMakeFiles/CMakeTmp/../../../../../../../../Applications/CMake 2.8-9.app/Contents/share/cmake-2.8/Modules/CheckFunctionExists.c" -o /Users/ccochran/Documents/dev/git-repositories/osg-fork/CMakeFiles/CMakeTmp/CMAKE_TRY_COMPILE.build/Debug/cmTryCompileExec3396797471.build/Objects-normal/x86_64/CheckFunctionExists.o

Ld Debug/cmTryCompileExec3396797471 normal x86_64
    cd /Users/ccochran/Documents/dev/git-repositories/osg-fork/CMakeFiles/CMakeTmp
    /Applications/Xcode.app/Contents/Developer/Toolchains/XcodeDefault.xctoolchain/usr/bin/clang -arch x86_64 -isysroot /Applications/Xcode.app/Contents/Developer/Platforms/MacOSX.platform/Developer/SDKs/MacOSX10.8.sdk -L/Users/ccochran/Documents/dev/git-repositories/osg-fork/CMakeFiles/CMakeTmp/Debug -F/Users/ccochran/Documents/dev/git-repositories/osg-fork/CMakeFiles/CMakeTmp/Debug -filelist /Users/ccochran/Documents/dev/git-repositories/osg-fork/CMakeFiles/CMakeTmp/CMAKE_TRY_COMPILE.build/Debug/cmTryCompileExec3396797471.build/Objects-normal/x86_64/cmTryCompileExec3396797471.LinkFileList -mmacosx-version-min=10.8 -Wl,-search_paths_first -Wl,-headerpad_max_install_names -lnsl -o /Users/ccochran/Documents/dev/git-repositories/osg-fork/CMakeFiles/CMakeTmp/Debug/cmTryCompileExec3396797471
ld: library not found for -lnsl
clang: error: linker command failed with exit code 1 (use -v to see invocation)




Determining if the function socket exists in the socket failed with the following output:
Change Dir: /Users/ccochran/Documents/dev/git-repositories/osg-fork/CMakeFiles/CMakeTmp

Run Build Command:/Applications/CMake\ 2.8-9.app/Contents/bin/cmakexbuild -project CMAKE_TRY_COMPILE.xcodeproj build -target cmTryCompileExec918546715 -configuration Debug
=== BUILD NATIVE TARGET cmTryCompileExec918546715 OF PROJECT CMAKE_TRY_COMPILE WITH CONFIGURATION Debug ===
Check dependencies

CompileC CMAKE_TRY_COMPILE.build/Debug/cmTryCompileExec918546715.build/Objects-normal/x86_64/CheckFunctionExists.o "../../../../../../../../Applications/CMake 2.8-9.app/Contents/share/cmake-2.8/Modules/CheckFunctionExists.c" normal x86_64 c com.apple.compilers.llvm.clang.1_0.compiler
    cd /Users/ccochran/Documents/dev/git-repositories/osg-fork/CMakeFiles/CMakeTmp
    /Applications/Xcode.app/Contents/Developer/Toolchains/XcodeDefault.xctoolchain/usr/bin/clang -x c -arch x86_64 -fmessage-length=0 -Wno-trigraphs -fpascal-strings -O0 -Wno-missing-field-initializers -Wno-missing-prototypes -Wno-return-type -Wformat -Wno-missing-braces -Wparentheses -Wswitch -Wno-unused-function -Wno-unused-label -Wno-unused-parameter -Wno-unused-variable -Wunused-value -Wno-empty-body -Wno-uninitialized -Wno-unknown-pragmas -Wno-shadow -Wno-four-char-constants -Wno-conversion -Wno-shorten-64-to-32 -Wpoi** BUILD FAILED **
nter-sign -Wno-newline-eof "-DCMAKE_INTDIR=\"Debug\"" -isysroot /Applications/Xcode.app/Contents/Developer/Platforms/MacOSX.platform/Developer/SDKs/MacOSX10.8.sdk -fasm-blocks -Wdeprecated-declarations -mmacosx-version-min=10.8 -Wno-sign-conversion -I/Users/ccochran/Documents/dev/git-repositories/osg-fork/CMakeFiles/CMakeTmp/Debug/include -I/Applications/Xcode.app/Contents/Developer/Toolchains/XcodeDefault.xctoolchain/usr/include -I/Applications/Xcode.app/Contents/Developer/Toolchains/XcodeDefault.xctoolchain/usr/include -I/Applications/Xcode.app/Contents/Developer/Toolchains/XcodeDefault.xctoolchain/usr/include -I/Users/ccochran/Documents/dev/git-repositories/osg-fork/CMakeFiles/CMakeTmp/CMAKE_TRY_COMPILE.build/Debug/cmTryCompileExec918546715.build/DerivedSources/x86_64 -I/Users/ccochran/Documents/dev/git-repositories/osg-fork/CMakeFiles/CMakeTmp/CMAKE_TRY_COMPILE.build/Debug/cmTryCompileExec918546715.build/DerivedSources -Wmost -Wno-four-char-constants -Wno-unknown-pragmas -F/Users/ccochran/Documents/dev/gi

The following build commands failed:
	Ld Debug/cmTryCompileExec918546715 normal x86_64
(1 failure)
t-repositories/osg-fork/CMakeFiles/CMakeTmp/Debug -DCHECK_FUNCTION_EXISTS=socket -MMD -MT dependencies -MF /Users/ccochran/Documents/dev/git-repositories/osg-fork/CMakeFiles/CMakeTmp/CMAKE_TRY_COMPILE.build/Debug/cmTryCompileExec918546715.build/Objects-normal/x86_64/CheckFunctionExists.d --serialize-diagnostics /Users/ccochran/Documents/dev/git-repositories/osg-fork/CMakeFiles/CMakeTmp/CMAKE_TRY_COMPILE.build/Debug/cmTryCompileExec918546715.build/Objects-normal/x86_64/CheckFunctionExists.dia -c "/Users/ccochran/Documents/dev/git-repositories/osg-fork/CMakeFiles/CMakeTmp/../../../../../../../../Applications/CMake 2.8-9.app/Contents/share/cmake-2.8/Modules/CheckFunctionExists.c" -o /Users/ccochran/Documents/dev/git-repositories/osg-fork/CMakeFiles/CMakeTmp/CMAKE_TRY_COMPILE.build/Debug/cmTryCompileExec918546715.build/Objects-normal/x86_64/CheckFunctionExists.o

Ld Debug/cmTryCompileExec918546715 normal x86_64
    cd /Users/ccochran/Documents/dev/git-repositories/osg-fork/CMakeFiles/CMakeTmp
    /Applications/Xcode.app/Contents/Developer/Toolchains/XcodeDefault.xctoolchain/usr/bin/clang -arch x86_64 -isysroot /Applications/Xcode.app/Contents/Developer/Platforms/MacOSX.platform/Developer/SDKs/MacOSX10.8.sdk -L/Users/ccochran/Documents/dev/git-repositories/osg-fork/CMakeFiles/CMakeTmp/Debug -F/Users/ccochran/Documents/dev/git-repositories/osg-fork/CMakeFiles/CMakeTmp/Debug -filelist /Users/ccochran/Documents/dev/git-repositories/osg-fork/CMakeFiles/CMakeTmp/CMAKE_TRY_COMPILE.build/Debug/cmTryCompileExec918546715.build/Objects-normal/x86_64/cmTryCompileExec918546715.LinkFileList -mmacosx-version-min=10.8 -Wl,-search_paths_first -Wl,-headerpad_max_install_names -lsocket -o /Users/ccochran/Documents/dev/git-repositories/osg-fork/CMakeFiles/CMakeTmp/Debug/cmTryCompileExec918546715
ld: library not found for -lsocket
clang: error: linker command failed with exit code 1 (use -v to see invocation)




